TN:
SF:src\ts\functions.ts
FN:4,addTodo
FN:14,changeTodo
FN:18,removeAllTodos
FNF:3
FNH:1
FNDA:1,addTodo
FNDA:0,changeTodo
FNDA:0,removeAllTodos
DA:2,2
DA:4,2
DA:5,1
DA:6,1
DA:7,1
DA:8,1
DA:10,0
DA:14,2
DA:15,0
DA:18,2
DA:19,0
LF:11
LH:8
BRDA:5,0,0,1
BRDA:5,0,1,0
BRF:2
BRH:1
end_of_record
TN:
SF:src\ts\htmlFunctions.ts
FN:4,createHtml
FN:22,(anonymous_1)
FN:30,toggleTodo
FN:35,displayError
FNF:4
FNH:1
FNDA:0,createHtml
FNDA:0,(anonymous_1)
FNDA:0,toggleTodo
FNDA:1,displayError
DA:1,1
DA:4,1
DA:5,0
DA:7,0
DA:11,0
DA:13,0
DA:14,0
DA:16,0
DA:17,0
DA:20,0
DA:21,0
DA:22,0
DA:23,0
DA:26,0
DA:31,0
DA:32,0
DA:35,1
DA:36,1
DA:40,1
DA:42,1
DA:43,1
DA:45,0
LF:22
LH:7
BRDA:16,0,0,0
BRDA:42,1,0,1
BRDA:42,1,1,0
BRF:3
BRH:1
end_of_record
TN:
SF:src\ts\models\todo.ts
FN:2,(anonymous_0)
FNF:1
FNH:1
FNDA:1,(anonymous_0)
DA:1,2
DA:2,1
LF:2
LH:2
BRF:0
BRH:0
end_of_record
